[2026-05-15 12:00:53] INFO [services.startup]: 已写入 F:\apk-site_backup_20260323_070015\jenkins-clone\.apk-site-env
[2026-05-15 12:00:53] INFO [services.startup]: 已覆盖 jenkins-clone/notify_feishu.sh
[2026-05-15 12:00:53] INFO [services.startup]: 已覆盖 jenkins-clone/start_service.sh
[2026-05-15 12:00:53] INFO [services.startup]: 已覆盖 jenkins-clone/scripts/feishu_send.py
[2026-05-15 12:00:53] INFO [services.startup]: 已覆盖 jenkins-clone/scripts/jenkins_send_notify.sh
[2026-05-15 12:00:53] INFO [services.startup]: 已覆盖 jenkins-clone/scripts/start_apk_server.sh
[2026-05-15 12:00:53] INFO [services.startup]: 已覆盖 jenkins-clone/jobs/Android/config.xml

========================================
 APK Download Center started
 Mode:    admin
 Local:   http://localhost:5003
 LAN:     http://10.0.41.21:5003
 Public:  PUBLIC_URL not configured
 Sample:  http://10.0.41.21:5003/pub/download/xxx.apk
 APK dir: E:\apk-site\jenkins-clone\workspace\Android
 Jenkins: http://localhost:8080
 Health:  /health | admin/admin123
========================================
[2026-05-15 12:00:54] INFO [utils]: APK site started
[2026-05-15 12:00:54] INFO [waitress]: Serving on http://127.0.0.1:5003
[2026-05-15 12:00:55] INFO [routes.auth]: 用户 admin 登录成功 (IP: 127.0.0.1)
[2026-05-15 12:00:55] ERROR [app_new]: Exception on /admin [GET]
Traceback (most recent call last):
  File "F:\apk-site_backup_20260323_070015\venv\Lib\site-packages\flask\app.py", line 2190, in wsgi_app
    response = self.full_dispatch_request()
  File "F:\apk-site_backup_20260323_070015\venv\Lib\site-packages\flask\app.py", line 1486, in full_dispatch_request
    rv = self.handle_user_exception(e)
  File "F:\apk-site_backup_20260323_070015\venv\Lib\site-packages\flask\app.py", line 1484, in full_dispatch_request
    rv = self.dispatch_request()
  File "F:\apk-site_backup_20260323_070015\venv\Lib\site-packages\flask\app.py", line 1469, in dispatch_request
    return self.ensure_sync(self.view_functions[rule.endpoint])(**view_args)
           ~~~~~~~~~~~~~~~~~~~~~~~~~~~~~~~~~~~~~~~~~~~~~~~~~~~~^^^^^^^^^^^^^
  File "F:\apk-site_backup_20260323_070015\services\authz.py", line 119, in decorated_function
    return f(*args, **kwargs)
  File "F:\apk-site_backup_20260323_070015\routes\admin_routes.py", line 471, in admin_panel
    return _admin_panel_dashboard(visible, desc)
  File "F:\apk-site_backup_20260323_070015\routes\admin_routes.py", line 557, in _admin_panel_dashboard
    grouped_cards['全局审计'].append(_render_module_card('/admin/approval', 'fa-check-double', 'text-emerald-500', '审批与发布管控', desc.get('approval', '')))
    ~~~~~~~~~~~~~^^^^^^^^^^^^
KeyError: '全局审计'
[2026-05-15 12:00:55] ERROR [utils]: Internal 500 on GET /admin
Traceback (most recent call last):
  File "F:\apk-site_backup_20260323_070015\venv\Lib\site-packages\flask\app.py", line 2190, in wsgi_app
    response = self.full_dispatch_request()
  File "F:\apk-site_backup_20260323_070015\venv\Lib\site-packages\flask\app.py", line 1486, in full_dispatch_request
    rv = self.handle_user_exception(e)
  File "F:\apk-site_backup_20260323_070015\venv\Lib\site-packages\flask\app.py", line 1484, in full_dispatch_request
    rv = self.dispatch_request()
  File "F:\apk-site_backup_20260323_070015\venv\Lib\site-packages\flask\app.py", line 1469, in dispatch_request
    return self.ensure_sync(self.view_functions[rule.endpoint])(**view_args)
           ~~~~~~~~~~~~~~~~~~~~~~~~~~~~~~~~~~~~~~~~~~~~~~~~~~~~^^^^^^^^^^^^^
  File "F:\apk-site_backup_20260323_070015\services\authz.py", line 119, in decorated_function
    return f(*args, **kwargs)
  File "F:\apk-site_backup_20260323_070015\routes\admin_routes.py", line 471, in admin_panel
    return _admin_panel_dashboard(visible, desc)
  File "F:\apk-site_backup_20260323_070015\routes\admin_routes.py", line 557, in _admin_panel_dashboard
    grouped_cards['全局审计'].append(_render_module_card('/admin/approval', 'fa-check-double', 'text-emerald-500', '审批与发布管控', desc.get('approval', '')))
    ~~~~~~~~~~~~~^^^^^^^^^^^^
KeyError: '全局审计'
[2026-05-15 12:00:55] ERROR [utils]: 500 error object: <InternalServerError '500: Internal Server Error'>
